Build started 13/01/2014 12:13:16.
     1>Project "M:\Year 3\DirectX\Coursework Submission - Michael Little 1103677\Source Code\Coursework Scene\Coursework Scene.vcxproj" on node 2 (build target(s)).
     1>InitializeBuildStatus:
         Creating "Debug\Coursework Scene.unsuccessfulbuild" because "AlwaysCreate" was specified.
       ClCompile:
         c:\Program Files (x86)\Microsoft Visual Studio 10.0\VC\bin\CL.exe /c /ZI /nologo /W3 /WX- /Od /Oy- /D WIN32 /D _DEBUG /D _WINDOWS /D _UNICODE /D UNICODE /Gm /EHsc /RTC1 /MDd /GS /fp:precise /Zc:wchar_t /Zc:forScope /Fo"Debug\\" /Fd"Debug\vc100.pdb" /Gd /TP /analyze- /errorReport:prompt Graphics.cpp
         Graphics.cpp
     1>m:\year 3\directx\coursework submission - michael little 1103677\source code\coursework scene\graphics.cpp(738): warning C4305: '+=' : truncation from 'double' to 'float'
       ManifestResourceCompile:
         All outputs are up-to-date.
       Link:
         c:\Program Files (x86)\Microsoft Visual Studio 10.0\VC\bin\link.exe /ERRORREPORT:PROMPT /OUT:"M:\Year 3\DirectX\Coursework Submission - Michael Little 1103677\Source Code\Debug\Coursework Scene.exe" /INCREMENTAL /NOLOGO kernel32.lib user32.lib gdi32.lib winspool.lib comdlg32.lib advapi32.lib shell32.lib ole32.lib oleaut32.lib uuid.lib odbc32.lib odbccp32.lib /MANIFEST /ManifestFile:"Debug\Coursework Scene.exe.intermediate.manifest" /MANIFESTUAC:"level='asInvoker' uiAccess='false'" /DEBUG /PDB:"M:\Year 3\DirectX\Coursework Submission - Michael Little 1103677\Source Code\Debug\Coursework Scene.pdb" /SUBSYSTEM:WINDOWS /TLBID:1 /DYNAMICBASE /NXCOMPAT /IMPLIB:"M:\Year 3\DirectX\Coursework Submission - Michael Little 1103677\Source Code\Debug\Coursework Scene.lib" /MACHINE:X86 "Debug\Coursework Scene.exe.embed.manifest.res"
         Debug\BumpMapShader.obj
         Debug\Camera.obj
         Debug\CPUclass.obj
         Debug\D3D.obj
         Debug\DebugWindow.obj
         Debug\FireClass.obj
         Debug\FireShader.obj
         Debug\FogShader.obj
         Debug\Font.obj
         Debug\FontShader.obj
         Debug\FPSclass.obj
         Debug\Graphics.obj
         Debug\InputClass.obj
         Debug\LightClass.obj
         Debug\LightShader.obj
         Debug\Main.obj
         Debug\Model.obj
         Debug\OceanShader.obj
         Debug\ParticleShader.obj
         Debug\ParticleSystem.obj
         Debug\PlaneClass.obj
         Debug\ReflectionShader.obj
         Debug\RefractionShader.obj
         Debug\RenderTexture.obj
         Debug\RTmodel.obj
         Debug\SystemClass.obj
         Debug\Terrain.obj
         Debug\TerrainShader.obj
         Debug\Text.obj
         Debug\Texture.obj
         Debug\TextureArray.obj
         Debug\TextureShader.obj
         Debug\Timer.obj
         Debug\TokenStream.obj
         Debug\WaterShader.obj
       Manifest:
         C:\Program Files (x86)\Microsoft SDKs\Windows\v7.0A\bin\mt.exe /nologo /verbose /out:"Debug\Coursework Scene.exe.embed.manifest" /manifest "Debug\Coursework Scene.exe.intermediate.manifest"
         All outputs are up-to-date.
       LinkEmbedManifest:
         c:\Program Files (x86)\Microsoft Visual Studio 10.0\VC\bin\link.exe /ERRORREPORT:PROMPT /OUT:"M:\Year 3\DirectX\Coursework Submission - Michael Little 1103677\Source Code\Debug\Coursework Scene.exe" /INCREMENTAL /NOLOGO kernel32.lib user32.lib gdi32.lib winspool.lib comdlg32.lib advapi32.lib shell32.lib ole32.lib oleaut32.lib uuid.lib odbc32.lib odbccp32.lib /MANIFEST /ManifestFile:"Debug\Coursework Scene.exe.intermediate.manifest" /MANIFESTUAC:"level='asInvoker' uiAccess='false'" /DEBUG /PDB:"M:\Year 3\DirectX\Coursework Submission - Michael Little 1103677\Source Code\Debug\Coursework Scene.pdb" /SUBSYSTEM:WINDOWS /TLBID:1 /DYNAMICBASE /NXCOMPAT /IMPLIB:"M:\Year 3\DirectX\Coursework Submission - Michael Little 1103677\Source Code\Debug\Coursework Scene.lib" /MACHINE:X86 "Debug\Coursework Scene.exe.embed.manifest.res"
         Debug\BumpMapShader.obj
         Debug\Camera.obj
         Debug\CPUclass.obj
         Debug\D3D.obj
         Debug\DebugWindow.obj
         Debug\FireClass.obj
         Debug\FireShader.obj
         Debug\FogShader.obj
         Debug\Font.obj
         Debug\FontShader.obj
         Debug\FPSclass.obj
         Debug\Graphics.obj
         Debug\InputClass.obj
         Debug\LightClass.obj
         Debug\LightShader.obj
         Debug\Main.obj
         Debug\Model.obj
         Debug\OceanShader.obj
         Debug\ParticleShader.obj
         Debug\ParticleSystem.obj
         Debug\PlaneClass.obj
         Debug\ReflectionShader.obj
         Debug\RefractionShader.obj
         Debug\RenderTexture.obj
         Debug\RTmodel.obj
         Debug\SystemClass.obj
         Debug\Terrain.obj
         Debug\TerrainShader.obj
         Debug\Text.obj
         Debug\Texture.obj
         Debug\TextureArray.obj
         Debug\TextureShader.obj
         Debug\Timer.obj
         Debug\TokenStream.obj
         Debug\WaterShader.obj
         Coursework Scene.vcxproj -> M:\Year 3\DirectX\Coursework Submission - Michael Little 1103677\Source Code\Debug\Coursework Scene.exe
       FinalizeBuildStatus:
         Deleting file "Debug\Coursework Scene.unsuccessfulbuild".
         Touching "Debug\Coursework Scene.lastbuildstate".
     1>Done Building Project "M:\Year 3\DirectX\Coursework Submission - Michael Little 1103677\Source Code\Coursework Scene\Coursework Scene.vcxproj" (build target(s)).

Build succeeded.

Time Elapsed 00:00:06.40
