M:\YEAR_4\APPLIED_GAMES_TECHNOLOGIES\COURSEWORK\COURSEWORK\D3D11\SHADERS\S3D_PS.H
M:\YEAR_4\APPLIED_GAMES_TECHNOLOGIES\COURSEWORK\COURSEWORK\DEBUG D3D11\CAMERA.OBJ
M:\Year_4\Applied_Games_Technologies\CourseWork\CourseWork\Debug D3D11\cl.command.1.tlog
M:\Year_4\Applied_Games_Technologies\CourseWork\CourseWork\Debug D3D11\CL.read.1.tlog
M:\Year_4\Applied_Games_Technologies\CourseWork\CourseWork\Debug D3D11\CL.write.1.tlog
M:\YEAR_4\APPLIED_GAMES_TECHNOLOGIES\COURSEWORK\COURSEWORK\DEBUG D3D11\COURSEWORK_S3D.EXE
M:\YEAR_4\APPLIED_GAMES_TECHNOLOGIES\COURSEWORK\COURSEWORK\DEBUG D3D11\COURSEWORK_S3D.EXE.INTERMEDIATE.MANIFEST
M:\YEAR_4\APPLIED_GAMES_TECHNOLOGIES\COURSEWORK\COURSEWORK\DEBUG D3D11\COURSEWORK_S3D.ILK
M:\YEAR_4\APPLIED_GAMES_TECHNOLOGIES\COURSEWORK\COURSEWORK\DEBUG D3D11\COURSEWORK_S3D.PDB
M:\Year_4\Applied_Games_Technologies\CourseWork\CourseWork\Debug D3D11\Coursework_s3D.write.1.tlog
M:\Year_4\Applied_Games_Technologies\CourseWork\CourseWork\Debug D3D11\custombuild.command.1.tlog
M:\Year_4\Applied_Games_Technologies\CourseWork\CourseWork\Debug D3D11\custombuild.read.1.tlog
M:\Year_4\Applied_Games_Technologies\CourseWork\CourseWork\Debug D3D11\custombuild.write.1.tlog
M:\YEAR_4\APPLIED_GAMES_TECHNOLOGIES\COURSEWORK\COURSEWORK\DEBUG D3D11\GAMEOBJECT.OBJ
M:\YEAR_4\APPLIED_GAMES_TECHNOLOGIES\COURSEWORK\COURSEWORK\DEBUG D3D11\LEFT_EYE_3D_SHADER.OBJ
M:\Year_4\Applied_Games_Technologies\CourseWork\CourseWork\Debug D3D11\link.command.1.tlog
M:\Year_4\Applied_Games_Technologies\CourseWork\CourseWork\Debug D3D11\link.read.1.tlog
M:\Year_4\Applied_Games_Technologies\CourseWork\CourseWork\Debug D3D11\link.write.1.tlog
M:\YEAR_4\APPLIED_GAMES_TECHNOLOGIES\COURSEWORK\COURSEWORK\DEBUG D3D11\MAIN.OBJ
M:\YEAR_4\APPLIED_GAMES_TECHNOLOGIES\COURSEWORK\COURSEWORK\DEBUG D3D11\MESHCLASS.OBJ
M:\Year_4\Applied_Games_Technologies\CourseWork\CourseWork\Debug D3D11\mt.command.1.tlog
M:\Year_4\Applied_Games_Technologies\CourseWork\CourseWork\Debug D3D11\mt.read.1.tlog
M:\Year_4\Applied_Games_Technologies\CourseWork\CourseWork\Debug D3D11\mt.write.1.tlog
M:\YEAR_4\APPLIED_GAMES_TECHNOLOGIES\COURSEWORK\COURSEWORK\DEBUG D3D11\RIGHT_EYE_3D_SHADER.OBJ
M:\YEAR_4\APPLIED_GAMES_TECHNOLOGIES\COURSEWORK\COURSEWORK\DEBUG D3D11\S3D.OBJ
M:\Year_4\Applied_Games_Technologies\CourseWork\CourseWork\Debug D3D11\s3d_app.vcxprojResolveAssemblyReference.cache
M:\YEAR_4\APPLIED_GAMES_TECHNOLOGIES\COURSEWORK\COURSEWORK\DEBUG D3D11\S3D_SHADER_D3D11.OBJ
M:\YEAR_4\APPLIED_GAMES_TECHNOLOGIES\COURSEWORK\COURSEWORK\DEBUG D3D11\SYSTEM.OBJ
M:\YEAR_4\APPLIED_GAMES_TECHNOLOGIES\COURSEWORK\COURSEWORK\DEBUG D3D11\VC100.PDB
