Build started 06/03/2015 09:22:53.
     1>Project "M:\Year_4\Applied_Games_Technologies\Tutorial_6\s3d_app\s3d_app.vcxproj" on node 3 (build target(s)).
     1>InitializeBuildStatus:
         Creating "Release D3D11\s3d_app.unsuccessfulbuild" because "AlwaysCreate" was specified.
       ClCompile:
         All outputs are up-to-date.
       Link:
         c:\Program Files (x86)\Microsoft Visual Studio 10.0\VC\bin\link.exe /ERRORREPORT:PROMPT /OUT:"M:\Year_4\Applied_Games_Technologies\Tutorial_6\s3d_app\Release D3D11\s3d_app.exe" /NOLOGO /LIBPATH:"C:\Program Files (x86)\Microsoft DirectX SDK (June 2010)\\Lib\x86" d3d11.lib d3dcompiler.lib dxgi.lib dinput8.lib dxguid.lib kernel32.lib user32.lib gdi32.lib winspool.lib comdlg32.lib advapi32.lib shell32.lib ole32.lib oleaut32.lib uuid.lib odbc32.lib odbccp32.lib kernel32.lib user32.lib gdi32.lib winspool.lib comdlg32.lib advapi32.lib shell32.lib ole32.lib oleaut32.lib uuid.lib odbc32.lib odbccp32.lib /MANIFEST /ManifestFile:"Release D3D11\s3d_app.exe.intermediate.manifest" /MANIFESTUAC:"level='asInvoker' uiAccess='false'" /PDB:"M:\Year_4\Applied_Games_Technologies\Tutorial_6\s3d_app\Release D3D11\s3d_app.pdb" /TLBID:1 /DYNAMICBASE /NXCOMPAT /IMPLIB:"M:\Year_4\Applied_Games_Technologies\Tutorial_6\s3d_app\Release D3D11\s3d_app.lib" /MACHINE:X86 "Release D3D11\left_eye_3d_shader.obj"
         "Release D3D11\right_eye_3d_shader.obj"
         "Release D3D11\s3d_shader_d3d11.obj"
         "Release D3D11\s3d_app.obj"
         "Release D3D11\main_d3d11.obj"
         "M:\Year_4\Applied_Games_Technologies\Tutorial_6\s3d_app\D3D11 Release\abertay_framework.lib"
         M:\Year_4\Applied_Games_Technologies\Tutorial_6\s3d_app\Release\libpng.lib
         M:\Year_4\Applied_Games_Technologies\Tutorial_6\s3d_app\Release\zlib.lib
         s3d_app.vcxproj -> M:\Year_4\Applied_Games_Technologies\Tutorial_6\s3d_app\Release D3D11\s3d_app.exe
       Manifest:
         C:\Program Files (x86)\Microsoft SDKs\Windows\v7.0A\bin\mt.exe /nologo /verbose /outputresource:"M:\Year_4\Applied_Games_Technologies\Tutorial_6\s3d_app\Release D3D11\s3d_app.exe;#1" /manifest "Release D3D11\s3d_app.exe.intermediate.manifest"
       FinalizeBuildStatus:
         Deleting file "Release D3D11\s3d_app.unsuccessfulbuild".
         Touching "Release D3D11\s3d_app.lastbuildstate".
     1>Done Building Project "M:\Year_4\Applied_Games_Technologies\Tutorial_6\s3d_app\s3d_app.vcxproj" (build target(s)).

Build succeeded.

Time Elapsed 00:00:00.62
