M:\YEAR_4\APPLIED_GAMES_TECHNOLOGIES\COURSEWORK\ABERTAY_FRAMEWORK\D3D11 DEBUG\AABB.OBJ
M:\Year_4\Applied_Games_Technologies\CourseWork\abertay_framework\D3D11 Debug\abertay_framework.write.1.tlog
M:\YEAR_4\APPLIED_GAMES_TECHNOLOGIES\COURSEWORK\ABERTAY_FRAMEWORK\D3D11 DEBUG\ANIMATION.OBJ
M:\YEAR_4\APPLIED_GAMES_TECHNOLOGIES\COURSEWORK\ABERTAY_FRAMEWORK\D3D11 DEBUG\APPLICATION.OBJ
M:\Year_4\Applied_Games_Technologies\CourseWork\abertay_framework\D3D11 Debug\cl.command.1.tlog
M:\Year_4\Applied_Games_Technologies\CourseWork\abertay_framework\D3D11 Debug\CL.read.1.tlog
M:\Year_4\Applied_Games_Technologies\CourseWork\abertay_framework\D3D11 Debug\CL.write.1.tlog
M:\YEAR_4\APPLIED_GAMES_TECHNOLOGIES\COURSEWORK\ABERTAY_FRAMEWORK\D3D11 DEBUG\COLOUR.OBJ
M:\YEAR_4\APPLIED_GAMES_TECHNOLOGIES\COURSEWORK\ABERTAY_FRAMEWORK\D3D11 DEBUG\CRC.OBJ
M:\Year_4\Applied_Games_Technologies\CourseWork\abertay_framework\D3D11 Debug\custombuild.command.1.tlog
M:\Year_4\Applied_Games_Technologies\CourseWork\abertay_framework\D3D11 Debug\custombuild.read.1.tlog
M:\Year_4\Applied_Games_Technologies\CourseWork\abertay_framework\D3D11 Debug\custombuild.write.1.tlog
M:\YEAR_4\APPLIED_GAMES_TECHNOLOGIES\COURSEWORK\ABERTAY_FRAMEWORK\D3D11 DEBUG\DEBUG_LOG_WIN32.OBJ
M:\YEAR_4\APPLIED_GAMES_TECHNOLOGIES\COURSEWORK\ABERTAY_FRAMEWORK\D3D11 DEBUG\DEFAULT_3D_SHADER_D3D11.OBJ
M:\YEAR_4\APPLIED_GAMES_TECHNOLOGIES\COURSEWORK\ABERTAY_FRAMEWORK\D3D11 DEBUG\DEFAULT_3D_SHADER_DATA.OBJ
M:\YEAR_4\APPLIED_GAMES_TECHNOLOGIES\COURSEWORK\ABERTAY_FRAMEWORK\D3D11 DEBUG\DEFAULT_SPRITE_SHADER_D3D11.OBJ
M:\YEAR_4\APPLIED_GAMES_TECHNOLOGIES\COURSEWORK\ABERTAY_FRAMEWORK\D3D11 DEBUG\FILE.OBJ
M:\YEAR_4\APPLIED_GAMES_TECHNOLOGIES\COURSEWORK\ABERTAY_FRAMEWORK\D3D11 DEBUG\FILE_WIN32.OBJ
M:\YEAR_4\APPLIED_GAMES_TECHNOLOGIES\COURSEWORK\ABERTAY_FRAMEWORK\D3D11 DEBUG\FONT.OBJ
M:\YEAR_4\APPLIED_GAMES_TECHNOLOGIES\COURSEWORK\ABERTAY_FRAMEWORK\D3D11 DEBUG\IMAGE_DATA.OBJ
M:\YEAR_4\APPLIED_GAMES_TECHNOLOGIES\COURSEWORK\ABERTAY_FRAMEWORK\D3D11 DEBUG\JOINT.OBJ
M:\Year_4\Applied_Games_Technologies\CourseWork\abertay_framework\D3D11 Debug\lib.command.1.tlog
M:\Year_4\Applied_Games_Technologies\CourseWork\abertay_framework\D3D11 Debug\Lib-link.read.1.tlog
M:\Year_4\Applied_Games_Technologies\CourseWork\abertay_framework\D3D11 Debug\Lib-link.write.1.tlog
M:\YEAR_4\APPLIED_GAMES_TECHNOLOGIES\COURSEWORK\ABERTAY_FRAMEWORK\D3D11 DEBUG\MATRIX44.OBJ
M:\YEAR_4\APPLIED_GAMES_TECHNOLOGIES\COURSEWORK\ABERTAY_FRAMEWORK\D3D11 DEBUG\MEMORY_STREAM_BUFFER.OBJ
M:\YEAR_4\APPLIED_GAMES_TECHNOLOGIES\COURSEWORK\ABERTAY_FRAMEWORK\D3D11 DEBUG\MESH.OBJ
M:\YEAR_4\APPLIED_GAMES_TECHNOLOGIES\COURSEWORK\ABERTAY_FRAMEWORK\D3D11 DEBUG\MESH_D3D11.OBJ
M:\YEAR_4\APPLIED_GAMES_TECHNOLOGIES\COURSEWORK\ABERTAY_FRAMEWORK\D3D11 DEBUG\MESH_DATA.OBJ
M:\YEAR_4\APPLIED_GAMES_TECHNOLOGIES\COURSEWORK\ABERTAY_FRAMEWORK\D3D11 DEBUG\MESH_INSTANCE.OBJ
M:\YEAR_4\APPLIED_GAMES_TECHNOLOGIES\COURSEWORK\ABERTAY_FRAMEWORK\D3D11 DEBUG\MODEL.OBJ
M:\YEAR_4\APPLIED_GAMES_TECHNOLOGIES\COURSEWORK\ABERTAY_FRAMEWORK\D3D11 DEBUG\OBJ_LOADER.OBJ
M:\YEAR_4\APPLIED_GAMES_TECHNOLOGIES\COURSEWORK\ABERTAY_FRAMEWORK\D3D11 DEBUG\PLATFORM.OBJ
M:\YEAR_4\APPLIED_GAMES_TECHNOLOGIES\COURSEWORK\ABERTAY_FRAMEWORK\D3D11 DEBUG\PLATFORM_D3D11.OBJ
M:\YEAR_4\APPLIED_GAMES_TECHNOLOGIES\COURSEWORK\ABERTAY_FRAMEWORK\D3D11 DEBUG\PLATFORM_WIN32_NULL_RENDERER.OBJ
M:\YEAR_4\APPLIED_GAMES_TECHNOLOGIES\COURSEWORK\ABERTAY_FRAMEWORK\D3D11 DEBUG\PNG_LOADER.OBJ
M:\YEAR_4\APPLIED_GAMES_TECHNOLOGIES\COURSEWORK\ABERTAY_FRAMEWORK\D3D11 DEBUG\PRIMITIVE.OBJ
M:\YEAR_4\APPLIED_GAMES_TECHNOLOGIES\COURSEWORK\ABERTAY_FRAMEWORK\D3D11 DEBUG\PRIMITIVE_D3D11.OBJ
M:\YEAR_4\APPLIED_GAMES_TECHNOLOGIES\COURSEWORK\ABERTAY_FRAMEWORK\D3D11 DEBUG\QUATERNION.OBJ
M:\YEAR_4\APPLIED_GAMES_TECHNOLOGIES\COURSEWORK\ABERTAY_FRAMEWORK\D3D11 DEBUG\RENDER_TARGET.OBJ
M:\YEAR_4\APPLIED_GAMES_TECHNOLOGIES\COURSEWORK\ABERTAY_FRAMEWORK\D3D11 DEBUG\RENDER_TARGET_D3D11.OBJ
M:\YEAR_4\APPLIED_GAMES_TECHNOLOGIES\COURSEWORK\ABERTAY_FRAMEWORK\D3D11 DEBUG\RENDERER_3D.OBJ
M:\YEAR_4\APPLIED_GAMES_TECHNOLOGIES\COURSEWORK\ABERTAY_FRAMEWORK\D3D11 DEBUG\RENDERER_3D_D3D11.OBJ
M:\YEAR_4\APPLIED_GAMES_TECHNOLOGIES\COURSEWORK\ABERTAY_FRAMEWORK\D3D11 DEBUG\SCENE.OBJ
M:\YEAR_4\APPLIED_GAMES_TECHNOLOGIES\COURSEWORK\ABERTAY_FRAMEWORK\D3D11 DEBUG\SHADER.OBJ
M:\YEAR_4\APPLIED_GAMES_TECHNOLOGIES\COURSEWORK\ABERTAY_FRAMEWORK\D3D11 DEBUG\SHADER_D3D11.OBJ
M:\YEAR_4\APPLIED_GAMES_TECHNOLOGIES\COURSEWORK\ABERTAY_FRAMEWORK\D3D11 DEBUG\SKELETON.OBJ
M:\YEAR_4\APPLIED_GAMES_TECHNOLOGIES\COURSEWORK\ABERTAY_FRAMEWORK\D3D11 DEBUG\SKINNED_MESH_SHADER_D3D11.OBJ
M:\YEAR_4\APPLIED_GAMES_TECHNOLOGIES\COURSEWORK\ABERTAY_FRAMEWORK\D3D11 DEBUG\SKINNED_MESH_SHADER_DATA.OBJ
M:\YEAR_4\APPLIED_GAMES_TECHNOLOGIES\COURSEWORK\ABERTAY_FRAMEWORK\D3D11 DEBUG\SONY_CONTROLLER_INPUT_MANAGER.OBJ
M:\YEAR_4\APPLIED_GAMES_TECHNOLOGIES\COURSEWORK\ABERTAY_FRAMEWORK\D3D11 DEBUG\SONY_CONTROLLER_INPUT_MANAGER_D3D11.OBJ
M:\YEAR_4\APPLIED_GAMES_TECHNOLOGIES\COURSEWORK\ABERTAY_FRAMEWORK\D3D11 DEBUG\SPHERE.OBJ
M:\YEAR_4\APPLIED_GAMES_TECHNOLOGIES\COURSEWORK\ABERTAY_FRAMEWORK\D3D11 DEBUG\SPRITE.OBJ
M:\YEAR_4\APPLIED_GAMES_TECHNOLOGIES\COURSEWORK\ABERTAY_FRAMEWORK\D3D11 DEBUG\SPRITE_RENDERER.OBJ
M:\YEAR_4\APPLIED_GAMES_TECHNOLOGIES\COURSEWORK\ABERTAY_FRAMEWORK\D3D11 DEBUG\SPRITE_RENDERER_D3D11.OBJ
M:\YEAR_4\APPLIED_GAMES_TECHNOLOGIES\COURSEWORK\ABERTAY_FRAMEWORK\D3D11 DEBUG\STRING_ID.OBJ
M:\YEAR_4\APPLIED_GAMES_TECHNOLOGIES\COURSEWORK\ABERTAY_FRAMEWORK\D3D11 DEBUG\TEXTURE.OBJ
M:\YEAR_4\APPLIED_GAMES_TECHNOLOGIES\COURSEWORK\ABERTAY_FRAMEWORK\D3D11 DEBUG\TEXTURE_D3D11.OBJ
M:\YEAR_4\APPLIED_GAMES_TECHNOLOGIES\COURSEWORK\ABERTAY_FRAMEWORK\D3D11 DEBUG\TOUCH_INPUT_MANAGER.OBJ
M:\YEAR_4\APPLIED_GAMES_TECHNOLOGIES\COURSEWORK\ABERTAY_FRAMEWORK\D3D11 DEBUG\TOUCH_INPUT_MANAGER_D3D11.OBJ
M:\YEAR_4\APPLIED_GAMES_TECHNOLOGIES\COURSEWORK\ABERTAY_FRAMEWORK\D3D11 DEBUG\TRANSFORM.OBJ
M:\YEAR_4\APPLIED_GAMES_TECHNOLOGIES\COURSEWORK\ABERTAY_FRAMEWORK\D3D11 DEBUG\VC100.PDB
M:\YEAR_4\APPLIED_GAMES_TECHNOLOGIES\COURSEWORK\ABERTAY_FRAMEWORK\D3D11 DEBUG\VECTOR2.OBJ
M:\YEAR_4\APPLIED_GAMES_TECHNOLOGIES\COURSEWORK\ABERTAY_FRAMEWORK\D3D11 DEBUG\VECTOR3.OBJ
M:\YEAR_4\APPLIED_GAMES_TECHNOLOGIES\COURSEWORK\ABERTAY_FRAMEWORK\D3D11 DEBUG\VECTOR4.OBJ
M:\YEAR_4\APPLIED_GAMES_TECHNOLOGIES\COURSEWORK\ABERTAY_FRAMEWORK\D3D11 DEBUG\WINDOW_WIN32.OBJ
M:\YEAR_4\APPLIED_GAMES_TECHNOLOGIES\COURSEWORK\ABERTAY_FRAMEWORK\GRAPHICS\D3D11\SHADERS\DEFAULT_3D_SHADER_PS.H
M:\YEAR_4\APPLIED_GAMES_TECHNOLOGIES\COURSEWORK\ABERTAY_FRAMEWORK\GRAPHICS\D3D11\SHADERS\DEFAULT_3D_SHADER_VS.H
M:\YEAR_4\APPLIED_GAMES_TECHNOLOGIES\COURSEWORK\ABERTAY_FRAMEWORK\GRAPHICS\D3D11\SHADERS\SKINNING_SHADER_PS.H
M:\YEAR_4\APPLIED_GAMES_TECHNOLOGIES\COURSEWORK\ABERTAY_FRAMEWORK\GRAPHICS\D3D11\SHADERS\SKINNING_SHADER_VS.H
M:\YEAR_4\APPLIED_GAMES_TECHNOLOGIES\COURSEWORK\ABERTAY_FRAMEWORK\GRAPHICS\D3D11\SHADERS\TEXTURED_SPRITE_PS.H
M:\YEAR_4\APPLIED_GAMES_TECHNOLOGIES\COURSEWORK\ABERTAY_FRAMEWORK\GRAPHICS\D3D11\SHADERS\TEXTURED_SPRITE_VS.H
M:\YEAR_4\APPLIED_GAMES_TECHNOLOGIES\COURSEWORK\COURSEWORK\D3D11 DEBUG\ABERTAY_FRAMEWORK.LIB
