C:\COURSEWORK\YEAR 4\HONOURS PROJECT\HONOURS - MICHAEL LITTLE\DEBUG\HONOURS.EXE
C:\COURSEWORK\YEAR 4\HONOURS PROJECT\HONOURS - MICHAEL LITTLE\DEBUG\HONOURS.PDB
C:\COURSEWORK\YEAR 4\HONOURS PROJECT\HONOURS - MICHAEL LITTLE\HONOURS\DEBUG\ANIMATION.OBJ
C:\COURSEWORK\YEAR 4\HONOURS PROJECT\HONOURS - MICHAEL LITTLE\HONOURS\DEBUG\BOSS.OBJ
C:\COURSEWORK\YEAR 4\HONOURS PROJECT\HONOURS - MICHAEL LITTLE\HONOURS\DEBUG\BULLET.OBJ
C:\Coursework\year 4\Honours project\Honours - Michael Little\Honours\Debug\cl.command.1.tlog
C:\Coursework\year 4\Honours project\Honours - Michael Little\Honours\Debug\CL.read.1.tlog
C:\Coursework\year 4\Honours project\Honours - Michael Little\Honours\Debug\CL.write.1.tlog
C:\COURSEWORK\YEAR 4\HONOURS PROJECT\HONOURS - MICHAEL LITTLE\HONOURS\DEBUG\EMOTIV.OBJ
C:\COURSEWORK\YEAR 4\HONOURS PROJECT\HONOURS - MICHAEL LITTLE\HONOURS\DEBUG\EMOTIVSHOOTERSCREEN.OBJ
C:\COURSEWORK\YEAR 4\HONOURS PROJECT\HONOURS - MICHAEL LITTLE\HONOURS\DEBUG\ENEMY.OBJ
C:\COURSEWORK\YEAR 4\HONOURS PROJECT\HONOURS - MICHAEL LITTLE\HONOURS\DEBUG\ENEMYFIRE.OBJ
C:\COURSEWORK\YEAR 4\HONOURS PROJECT\HONOURS - MICHAEL LITTLE\HONOURS\DEBUG\FADEANIMATION.OBJ
C:\COURSEWORK\YEAR 4\HONOURS PROJECT\HONOURS - MICHAEL LITTLE\HONOURS\DEBUG\FILEMANAGER.OBJ
C:\COURSEWORK\YEAR 4\HONOURS PROJECT\HONOURS - MICHAEL LITTLE\HONOURS\DEBUG\GAMESCREEN.OBJ
C:\COURSEWORK\YEAR 4\HONOURS PROJECT\HONOURS - MICHAEL LITTLE\HONOURS\DEBUG\HONOURS.EXE.INTERMEDIATE.MANIFEST
C:\Coursework\year 4\Honours project\Honours - Michael Little\Honours\Debug\Honours.vcxprojResolveAssemblyReference.cache
C:\Coursework\year 4\Honours project\Honours - Michael Little\Honours\Debug\Honours.write.1.tlog
C:\COURSEWORK\YEAR 4\HONOURS PROJECT\HONOURS - MICHAEL LITTLE\HONOURS\DEBUG\INPUTMANAGER.OBJ
C:\Coursework\year 4\Honours project\Honours - Michael Little\Honours\Debug\link.command.1.tlog
C:\Coursework\year 4\Honours project\Honours - Michael Little\Honours\Debug\link.read.1.tlog
C:\Coursework\year 4\Honours project\Honours - Michael Little\Honours\Debug\link.write.1.tlog
C:\COURSEWORK\YEAR 4\HONOURS PROJECT\HONOURS - MICHAEL LITTLE\HONOURS\DEBUG\LOADBITMAP.OBJ
C:\COURSEWORK\YEAR 4\HONOURS PROJECT\HONOURS - MICHAEL LITTLE\HONOURS\DEBUG\MAIN.OBJ
C:\COURSEWORK\YEAR 4\HONOURS PROJECT\HONOURS - MICHAEL LITTLE\HONOURS\DEBUG\MENUMANAGER.OBJ
C:\Coursework\year 4\Honours project\Honours - Michael Little\Honours\Debug\mt.command.1.tlog
C:\Coursework\year 4\Honours project\Honours - Michael Little\Honours\Debug\mt.read.1.tlog
C:\Coursework\year 4\Honours project\Honours - Michael Little\Honours\Debug\mt.write.1.tlog
C:\COURSEWORK\YEAR 4\HONOURS PROJECT\HONOURS - MICHAEL LITTLE\HONOURS\DEBUG\PLAYER.OBJ
C:\COURSEWORK\YEAR 4\HONOURS PROJECT\HONOURS - MICHAEL LITTLE\HONOURS\DEBUG\SCREENMANAGER.OBJ
C:\COURSEWORK\YEAR 4\HONOURS PROJECT\HONOURS - MICHAEL LITTLE\HONOURS\DEBUG\SHOOTERERSCREEN.OBJ
C:\COURSEWORK\YEAR 4\HONOURS PROJECT\HONOURS - MICHAEL LITTLE\HONOURS\DEBUG\SPLASHSCREEN.OBJ
C:\COURSEWORK\YEAR 4\HONOURS PROJECT\HONOURS - MICHAEL LITTLE\HONOURS\DEBUG\SPRITEANIMATION.OBJ
C:\COURSEWORK\YEAR 4\HONOURS PROJECT\HONOURS - MICHAEL LITTLE\HONOURS\DEBUG\SPRITES.OBJ
C:\COURSEWORK\YEAR 4\HONOURS PROJECT\HONOURS - MICHAEL LITTLE\HONOURS\DEBUG\TITLESCREEN.OBJ
C:\Coursework\year 4\Honours project\Honours - Michael Little\Honours\Debug\vc100.idb
C:\COURSEWORK\YEAR 4\HONOURS PROJECT\HONOURS - MICHAEL LITTLE\HONOURS\DEBUG\VC100.PDB
