E:\YEAR 3\DX11\COURSEWORK SCENE\COURSEWORK SCENE\DEBUG\BUMPMAPSHADER.OBJ
E:\YEAR 3\DX11\COURSEWORK SCENE\COURSEWORK SCENE\DEBUG\CAMERA.OBJ
E:\YEAR 3\DX11\COURSEWORK SCENE\COURSEWORK SCENE\DEBUG\COURSEWORK SCENE.EXE.EMBED.MANIFEST
E:\YEAR 3\DX11\COURSEWORK SCENE\COURSEWORK SCENE\DEBUG\COURSEWORK SCENE.EXE.EMBED.MANIFEST.RES
E:\YEAR 3\DX11\COURSEWORK SCENE\COURSEWORK SCENE\DEBUG\COURSEWORK SCENE.EXE.INTERMEDIATE.MANIFEST
E:\YEAR 3\DX11\COURSEWORK SCENE\COURSEWORK SCENE\DEBUG\CPUCLASS.OBJ
E:\YEAR 3\DX11\COURSEWORK SCENE\COURSEWORK SCENE\DEBUG\D3D.OBJ
E:\YEAR 3\DX11\COURSEWORK SCENE\COURSEWORK SCENE\DEBUG\DEBUGWINDOW.OBJ
E:\YEAR 3\DX11\COURSEWORK SCENE\COURSEWORK SCENE\DEBUG\FONT.OBJ
E:\YEAR 3\DX11\COURSEWORK SCENE\COURSEWORK SCENE\DEBUG\FONTSHADER.OBJ
E:\YEAR 3\DX11\COURSEWORK SCENE\COURSEWORK SCENE\DEBUG\FPSCLASS.OBJ
E:\YEAR 3\DX11\COURSEWORK SCENE\COURSEWORK SCENE\DEBUG\GRAPHICS.OBJ
E:\YEAR 3\DX11\COURSEWORK SCENE\COURSEWORK SCENE\DEBUG\INPUTCLASS.OBJ
E:\YEAR 3\DX11\COURSEWORK SCENE\COURSEWORK SCENE\DEBUG\LIGHTCLASS.OBJ
E:\YEAR 3\DX11\COURSEWORK SCENE\COURSEWORK SCENE\DEBUG\LIGHTSHADER.OBJ
E:\YEAR 3\DX11\COURSEWORK SCENE\COURSEWORK SCENE\DEBUG\MAIN.OBJ
E:\YEAR 3\DX11\COURSEWORK SCENE\COURSEWORK SCENE\DEBUG\MODEL.OBJ
E:\YEAR 3\DX11\COURSEWORK SCENE\COURSEWORK SCENE\DEBUG\OCEANSHADER.OBJ
E:\YEAR 3\DX11\COURSEWORK SCENE\COURSEWORK SCENE\DEBUG\PARTICLESHADER.OBJ
E:\YEAR 3\DX11\COURSEWORK SCENE\COURSEWORK SCENE\DEBUG\PARTICLESYSTEM.OBJ
E:\YEAR 3\DX11\COURSEWORK SCENE\COURSEWORK SCENE\DEBUG\REFLECTIONSHADER.OBJ
E:\YEAR 3\DX11\COURSEWORK SCENE\COURSEWORK SCENE\DEBUG\REFRACTIONSHADER.OBJ
E:\YEAR 3\DX11\COURSEWORK SCENE\COURSEWORK SCENE\DEBUG\RENDERTEXTURE.OBJ
E:\YEAR 3\DX11\COURSEWORK SCENE\COURSEWORK SCENE\DEBUG\RTMODEL.OBJ
E:\YEAR 3\DX11\COURSEWORK SCENE\COURSEWORK SCENE\DEBUG\SYSTEMCLASS.OBJ
E:\YEAR 3\DX11\COURSEWORK SCENE\COURSEWORK SCENE\DEBUG\TERRAIN.OBJ
E:\YEAR 3\DX11\COURSEWORK SCENE\COURSEWORK SCENE\DEBUG\TERRAINSHADER.OBJ
E:\YEAR 3\DX11\COURSEWORK SCENE\COURSEWORK SCENE\DEBUG\TEXT.OBJ
E:\YEAR 3\DX11\COURSEWORK SCENE\COURSEWORK SCENE\DEBUG\TEXTURE.OBJ
E:\YEAR 3\DX11\COURSEWORK SCENE\COURSEWORK SCENE\DEBUG\TEXTUREARRAY.OBJ
E:\YEAR 3\DX11\COURSEWORK SCENE\COURSEWORK SCENE\DEBUG\TEXTURESHADER.OBJ
E:\YEAR 3\DX11\COURSEWORK SCENE\COURSEWORK SCENE\DEBUG\TIMER.OBJ
E:\YEAR 3\DX11\COURSEWORK SCENE\COURSEWORK SCENE\DEBUG\TOKENSTREAM.OBJ
E:\YEAR 3\DX11\COURSEWORK SCENE\COURSEWORK SCENE\DEBUG\VC100.PDB
E:\YEAR 3\DX11\COURSEWORK SCENE\COURSEWORK SCENE\DEBUG\WATERSHADER.OBJ
E:\YEAR 3\DX11\COURSEWORK SCENE\DEBUG\COURSEWORK SCENE.EXE
E:\YEAR 3\DX11\COURSEWORK SCENE\DEBUG\COURSEWORK SCENE.ILK
E:\YEAR 3\DX11\COURSEWORK SCENE\DEBUG\COURSEWORK SCENE.PDB
F:\YEAR 3\DX11\COURSEWORK SCENE\COURSEWORK SCENE\DEBUG\BUMPMAPSHADER.OBJ
F:\YEAR 3\DX11\COURSEWORK SCENE\COURSEWORK SCENE\DEBUG\CAMERA.OBJ
F:\YEAR 3\DX11\COURSEWORK SCENE\COURSEWORK SCENE\DEBUG\COURSEWORK SCENE.EXE.EMBED.MANIFEST
F:\YEAR 3\DX11\COURSEWORK SCENE\COURSEWORK SCENE\DEBUG\COURSEWORK SCENE.EXE.EMBED.MANIFEST.RES
F:\YEAR 3\DX11\COURSEWORK SCENE\COURSEWORK SCENE\DEBUG\COURSEWORK SCENE.EXE.INTERMEDIATE.MANIFEST
F:\YEAR 3\DX11\COURSEWORK SCENE\COURSEWORK SCENE\DEBUG\CPUCLASS.OBJ
F:\YEAR 3\DX11\COURSEWORK SCENE\COURSEWORK SCENE\DEBUG\D3D.OBJ
F:\YEAR 3\DX11\COURSEWORK SCENE\COURSEWORK SCENE\DEBUG\DEBUGWINDOW.OBJ
F:\YEAR 3\DX11\COURSEWORK SCENE\COURSEWORK SCENE\DEBUG\FONT.OBJ
F:\YEAR 3\DX11\COURSEWORK SCENE\COURSEWORK SCENE\DEBUG\FONTSHADER.OBJ
F:\YEAR 3\DX11\COURSEWORK SCENE\COURSEWORK SCENE\DEBUG\FPSCLASS.OBJ
F:\YEAR 3\DX11\COURSEWORK SCENE\COURSEWORK SCENE\DEBUG\GRAPHICS.OBJ
F:\YEAR 3\DX11\COURSEWORK SCENE\COURSEWORK SCENE\DEBUG\INPUTCLASS.OBJ
F:\YEAR 3\DX11\COURSEWORK SCENE\COURSEWORK SCENE\DEBUG\LIGHTCLASS.OBJ
F:\YEAR 3\DX11\COURSEWORK SCENE\COURSEWORK SCENE\DEBUG\LIGHTSHADER.OBJ
F:\YEAR 3\DX11\COURSEWORK SCENE\COURSEWORK SCENE\DEBUG\MAIN.OBJ
F:\YEAR 3\DX11\COURSEWORK SCENE\COURSEWORK SCENE\DEBUG\MODEL.OBJ
F:\YEAR 3\DX11\COURSEWORK SCENE\COURSEWORK SCENE\DEBUG\OCEANSHADER.OBJ
F:\YEAR 3\DX11\COURSEWORK SCENE\COURSEWORK SCENE\DEBUG\PARTICLESHADER.OBJ
F:\YEAR 3\DX11\COURSEWORK SCENE\COURSEWORK SCENE\DEBUG\PARTICLESYSTEM.OBJ
F:\YEAR 3\DX11\COURSEWORK SCENE\COURSEWORK SCENE\DEBUG\REFLECTIONSHADER.OBJ
F:\YEAR 3\DX11\COURSEWORK SCENE\COURSEWORK SCENE\DEBUG\REFRACTIONSHADER.OBJ
F:\YEAR 3\DX11\COURSEWORK SCENE\COURSEWORK SCENE\DEBUG\RENDERTEXTURE.OBJ
F:\YEAR 3\DX11\COURSEWORK SCENE\COURSEWORK SCENE\DEBUG\RTMODEL.OBJ
F:\YEAR 3\DX11\COURSEWORK SCENE\COURSEWORK SCENE\DEBUG\SYSTEMCLASS.OBJ
F:\YEAR 3\DX11\COURSEWORK SCENE\COURSEWORK SCENE\DEBUG\TERRAIN.OBJ
F:\YEAR 3\DX11\COURSEWORK SCENE\COURSEWORK SCENE\DEBUG\TERRAINSHADER.OBJ
F:\YEAR 3\DX11\COURSEWORK SCENE\COURSEWORK SCENE\DEBUG\TEXT.OBJ
F:\YEAR 3\DX11\COURSEWORK SCENE\COURSEWORK SCENE\DEBUG\TEXTURE.OBJ
F:\YEAR 3\DX11\COURSEWORK SCENE\COURSEWORK SCENE\DEBUG\TEXTUREARRAY.OBJ
F:\YEAR 3\DX11\COURSEWORK SCENE\COURSEWORK SCENE\DEBUG\TEXTURESHADER.OBJ
F:\YEAR 3\DX11\COURSEWORK SCENE\COURSEWORK SCENE\DEBUG\TIMER.OBJ
F:\YEAR 3\DX11\COURSEWORK SCENE\COURSEWORK SCENE\DEBUG\TOKENSTREAM.OBJ
F:\YEAR 3\DX11\COURSEWORK SCENE\COURSEWORK SCENE\DEBUG\VC100.PDB
F:\YEAR 3\DX11\COURSEWORK SCENE\COURSEWORK SCENE\DEBUG\WATERSHADER.OBJ
F:\YEAR 3\DX11\COURSEWORK SCENE\DEBUG\COURSEWORK SCENE.EXE
F:\YEAR 3\DX11\COURSEWORK SCENE\DEBUG\COURSEWORK SCENE.ILK
F:\YEAR 3\DX11\COURSEWORK SCENE\DEBUG\COURSEWORK SCENE.PDB
M:\YEAR 3\DIRECTX\COURSEWORK SCENE\COURSEWORK SCENE\DEBUG\BUMPMAPSHADER.OBJ
M:\YEAR 3\DIRECTX\COURSEWORK SCENE\COURSEWORK SCENE\DEBUG\CAMERA.OBJ
M:\Year 3\DirectX\Coursework Scene\Coursework Scene\Debug\cl.command.1.tlog
M:\Year 3\DirectX\Coursework Scene\Coursework Scene\Debug\CL.read.1.tlog
M:\Year 3\DirectX\Coursework Scene\Coursework Scene\Debug\CL.write.1.tlog
M:\YEAR 3\DIRECTX\COURSEWORK SCENE\COURSEWORK SCENE\DEBUG\COURSEWORK SCENE.EXE.EMBED.MANIFEST
M:\YEAR 3\DIRECTX\COURSEWORK SCENE\COURSEWORK SCENE\DEBUG\COURSEWORK SCENE.EXE.EMBED.MANIFEST.RES
M:\YEAR 3\DIRECTX\COURSEWORK SCENE\COURSEWORK SCENE\DEBUG\COURSEWORK SCENE.EXE.INTERMEDIATE.MANIFEST
M:\Year 3\DirectX\Coursework Scene\Coursework Scene\Debug\Coursework Scene_manifest.rc
M:\YEAR 3\DIRECTX\COURSEWORK SCENE\COURSEWORK SCENE\DEBUG\CPUCLASS.OBJ
M:\YEAR 3\DIRECTX\COURSEWORK SCENE\COURSEWORK SCENE\DEBUG\D3D.OBJ
M:\YEAR 3\DIRECTX\COURSEWORK SCENE\COURSEWORK SCENE\DEBUG\DEBUGWINDOW.OBJ
M:\YEAR 3\DIRECTX\COURSEWORK SCENE\COURSEWORK SCENE\DEBUG\FIRECLASS.OBJ
M:\YEAR 3\DIRECTX\COURSEWORK SCENE\COURSEWORK SCENE\DEBUG\FIRESHADER.OBJ
M:\YEAR 3\DIRECTX\COURSEWORK SCENE\COURSEWORK SCENE\DEBUG\FOGSHADER.OBJ
M:\YEAR 3\DIRECTX\COURSEWORK SCENE\COURSEWORK SCENE\DEBUG\FONT.OBJ
M:\YEAR 3\DIRECTX\COURSEWORK SCENE\COURSEWORK SCENE\DEBUG\FONTSHADER.OBJ
M:\YEAR 3\DIRECTX\COURSEWORK SCENE\COURSEWORK SCENE\DEBUG\FPSCLASS.OBJ
M:\YEAR 3\DIRECTX\COURSEWORK SCENE\COURSEWORK SCENE\DEBUG\GRAPHICS.OBJ
M:\YEAR 3\DIRECTX\COURSEWORK SCENE\COURSEWORK SCENE\DEBUG\INPUTCLASS.OBJ
M:\YEAR 3\DIRECTX\COURSEWORK SCENE\COURSEWORK SCENE\DEBUG\LIGHTCLASS.OBJ
M:\YEAR 3\DIRECTX\COURSEWORK SCENE\COURSEWORK SCENE\DEBUG\LIGHTSHADER.OBJ
M:\Year 3\DirectX\Coursework Scene\Coursework Scene\Debug\link.2228.read.1.tlog
M:\Year 3\DirectX\Coursework Scene\Coursework Scene\Debug\link.2228.write.1.tlog
M:\Year 3\DirectX\Coursework Scene\Coursework Scene\Debug\link.2228-cvtres.read.1.tlog
M:\Year 3\DirectX\Coursework Scene\Coursework Scene\Debug\link.2228-cvtres.write.1.tlog
M:\Year 3\DirectX\Coursework Scene\Coursework Scene\Debug\link.3104.read.1.tlog
M:\Year 3\DirectX\Coursework Scene\Coursework Scene\Debug\link.3104.write.1.tlog
M:\Year 3\DirectX\Coursework Scene\Coursework Scene\Debug\link.3104-cvtres.read.1.tlog
M:\Year 3\DirectX\Coursework Scene\Coursework Scene\Debug\link.3104-cvtres.write.1.tlog
M:\Year 3\DirectX\Coursework Scene\Coursework Scene\Debug\link.3380.read.1.tlog
M:\Year 3\DirectX\Coursework Scene\Coursework Scene\Debug\link.3380.write.1.tlog
M:\Year 3\DirectX\Coursework Scene\Coursework Scene\Debug\link.3380-cvtres.read.1.tlog
M:\Year 3\DirectX\Coursework Scene\Coursework Scene\Debug\link.3380-cvtres.write.1.tlog
M:\Year 3\DirectX\Coursework Scene\Coursework Scene\Debug\link.6000.read.1.tlog
M:\Year 3\DirectX\Coursework Scene\Coursework Scene\Debug\link.6000.write.1.tlog
M:\Year 3\DirectX\Coursework Scene\Coursework Scene\Debug\link.6000-cvtres.read.1.tlog
M:\Year 3\DirectX\Coursework Scene\Coursework Scene\Debug\link.6000-cvtres.write.1.tlog
M:\Year 3\DirectX\Coursework Scene\Coursework Scene\Debug\link.6332.read.1.tlog
M:\Year 3\DirectX\Coursework Scene\Coursework Scene\Debug\link.6332.write.1.tlog
M:\Year 3\DirectX\Coursework Scene\Coursework Scene\Debug\link.6332-cvtres.read.1.tlog
M:\Year 3\DirectX\Coursework Scene\Coursework Scene\Debug\link.6332-cvtres.write.1.tlog
M:\Year 3\DirectX\Coursework Scene\Coursework Scene\Debug\link.6908.read.1.tlog
M:\Year 3\DirectX\Coursework Scene\Coursework Scene\Debug\link.6908.write.1.tlog
M:\Year 3\DirectX\Coursework Scene\Coursework Scene\Debug\link.6908-cvtres.read.1.tlog
M:\Year 3\DirectX\Coursework Scene\Coursework Scene\Debug\link.6908-cvtres.write.1.tlog
M:\Year 3\DirectX\Coursework Scene\Coursework Scene\Debug\link.6916.read.1.tlog
M:\Year 3\DirectX\Coursework Scene\Coursework Scene\Debug\link.6916.write.1.tlog
M:\Year 3\DirectX\Coursework Scene\Coursework Scene\Debug\link.6916-cvtres.read.1.tlog
M:\Year 3\DirectX\Coursework Scene\Coursework Scene\Debug\link.6916-cvtres.write.1.tlog
M:\Year 3\DirectX\Coursework Scene\Coursework Scene\Debug\link.7216.read.1.tlog
M:\Year 3\DirectX\Coursework Scene\Coursework Scene\Debug\link.7216.write.1.tlog
M:\Year 3\DirectX\Coursework Scene\Coursework Scene\Debug\link.7216-cvtres.read.1.tlog
M:\Year 3\DirectX\Coursework Scene\Coursework Scene\Debug\link.7216-cvtres.write.1.tlog
M:\Year 3\DirectX\Coursework Scene\Coursework Scene\Debug\link.7484.read.1.tlog
M:\Year 3\DirectX\Coursework Scene\Coursework Scene\Debug\link.7484.write.1.tlog
M:\Year 3\DirectX\Coursework Scene\Coursework Scene\Debug\link.7484-cvtres.read.1.tlog
M:\Year 3\DirectX\Coursework Scene\Coursework Scene\Debug\link.7484-cvtres.write.1.tlog
M:\Year 3\DirectX\Coursework Scene\Coursework Scene\Debug\link.command.1.tlog
M:\Year 3\DirectX\Coursework Scene\Coursework Scene\Debug\link.read.1.tlog
M:\Year 3\DirectX\Coursework Scene\Coursework Scene\Debug\link.write.1.tlog
M:\Year 3\DirectX\Coursework Scene\Coursework Scene\Debug\link-cvtres.read.1.tlog
M:\Year 3\DirectX\Coursework Scene\Coursework Scene\Debug\link-cvtres.write.1.tlog
M:\YEAR 3\DIRECTX\COURSEWORK SCENE\COURSEWORK SCENE\DEBUG\MAIN.OBJ
M:\YEAR 3\DIRECTX\COURSEWORK SCENE\COURSEWORK SCENE\DEBUG\MODEL.OBJ
M:\Year 3\DirectX\Coursework Scene\Coursework Scene\Debug\mt.command.1.tlog
M:\Year 3\DirectX\Coursework Scene\Coursework Scene\Debug\mt.read.1.tlog
M:\Year 3\DirectX\Coursework Scene\Coursework Scene\Debug\mt.write.1.tlog
M:\YEAR 3\DIRECTX\COURSEWORK SCENE\COURSEWORK SCENE\DEBUG\OCEANSHADER.OBJ
M:\YEAR 3\DIRECTX\COURSEWORK SCENE\COURSEWORK SCENE\DEBUG\PARTICLESHADER.OBJ
M:\YEAR 3\DIRECTX\COURSEWORK SCENE\COURSEWORK SCENE\DEBUG\PARTICLESYSTEM.OBJ
M:\YEAR 3\DIRECTX\COURSEWORK SCENE\COURSEWORK SCENE\DEBUG\PLANECLASS.OBJ
M:\Year 3\DirectX\Coursework Scene\Coursework Scene\Debug\rc.command.1.tlog
M:\Year 3\DirectX\Coursework Scene\Coursework Scene\Debug\rc.read.1.tlog
M:\Year 3\DirectX\Coursework Scene\Coursework Scene\Debug\rc.write.1.tlog
M:\YEAR 3\DIRECTX\COURSEWORK SCENE\COURSEWORK SCENE\DEBUG\REFLECTIONSHADER.OBJ
M:\YEAR 3\DIRECTX\COURSEWORK SCENE\COURSEWORK SCENE\DEBUG\REFRACTIONSHADER.OBJ
M:\YEAR 3\DIRECTX\COURSEWORK SCENE\COURSEWORK SCENE\DEBUG\RENDERTEXTURE.OBJ
M:\YEAR 3\DIRECTX\COURSEWORK SCENE\COURSEWORK SCENE\DEBUG\RTMODEL.OBJ
M:\YEAR 3\DIRECTX\COURSEWORK SCENE\COURSEWORK SCENE\DEBUG\SYSTEMCLASS.OBJ
M:\YEAR 3\DIRECTX\COURSEWORK SCENE\COURSEWORK SCENE\DEBUG\TERRAIN.OBJ
M:\YEAR 3\DIRECTX\COURSEWORK SCENE\COURSEWORK SCENE\DEBUG\TERRAINSHADER.OBJ
M:\YEAR 3\DIRECTX\COURSEWORK SCENE\COURSEWORK SCENE\DEBUG\TEXT.OBJ
M:\YEAR 3\DIRECTX\COURSEWORK SCENE\COURSEWORK SCENE\DEBUG\TEXTURE.OBJ
M:\YEAR 3\DIRECTX\COURSEWORK SCENE\COURSEWORK SCENE\DEBUG\TEXTUREARRAY.OBJ
M:\YEAR 3\DIRECTX\COURSEWORK SCENE\COURSEWORK SCENE\DEBUG\TEXTURESHADER.OBJ
M:\YEAR 3\DIRECTX\COURSEWORK SCENE\COURSEWORK SCENE\DEBUG\TIMER.OBJ
M:\YEAR 3\DIRECTX\COURSEWORK SCENE\COURSEWORK SCENE\DEBUG\TOKENSTREAM.OBJ
M:\Year 3\DirectX\Coursework Scene\Coursework Scene\Debug\vc100.idb
M:\YEAR 3\DIRECTX\COURSEWORK SCENE\COURSEWORK SCENE\DEBUG\VC100.PDB
M:\YEAR 3\DIRECTX\COURSEWORK SCENE\COURSEWORK SCENE\DEBUG\WATERSHADER.OBJ
M:\YEAR 3\DIRECTX\COURSEWORK SCENE\DEBUG\COURSEWORK SCENE.EXE
M:\YEAR 3\DIRECTX\COURSEWORK SCENE\DEBUG\COURSEWORK SCENE.ILK
M:\YEAR 3\DIRECTX\COURSEWORK SCENE\DEBUG\COURSEWORK SCENE.PDB
